build/app/outputs/mapping/release/configuration.txt
# The proguard configuration file for the following section is default_proguard_files\global\proguard-android.txt-7.3.0
# This is a configuration file for ProGuard.
# http://proguard.sourceforge.net/index.html#manual/usage.html
#
# Starting with version 2.2 of the Android plugin for Gradle, this file is distributed together with
# the plugin and unpacked at build-time. The files in $ANDROID_HOME are no longer maintained and
# will be ignored by new version of the Android plugin for Gradle.

# Optimization is turned off by default. Dex does not like code run
# through the ProGuard optimize steps (and performs some
# of these optimizations on its own).
# Note that if you want to enable optimization, you cannot just
# include optimization flags in your own project configuration file;
# instead you will need to point to the
# "proguard-android-optimize.txt" file instead of this one from your
# project.properties file.
-dontoptimize

-dontusemixedcaseclassnames
-dontskipnonpubliclibraryclasses
-verbose

# Preserve some attributes that may be required for reflection.
-keepattributes AnnotationDefault,
                EnclosingMethod,
                InnerClasses,
                RuntimeVisibleAnnotations,
                RuntimeVisibleParameterAnnotations,
                RuntimeVisibleTypeAnnotations,
                Signature

-keep public class com.google.vending.licensing.ILicensingService
-keep public class com.android.vending.licensing.ILicensingService
-keep public class com.google.android.vending.licensing.ILicensingService
-dontnote com.android.vending.licensing.ILicensingService
-dontnote com.google.vending.licensing.ILicensingService
-dontnote com.google.android.vending.licensing.ILicensingService

# For native methods, see http://proguard.sourceforge.net/manual/examples.html#native
-keepclasseswithmembernames,includedescriptorclasses class * {
    native <methods>;
}

# Keep setters in Views so that animations can still work.
-keepclassmembers public class * extends android.view.View {
    void set*(***);
    *** get*();
}

# We want to keep methods in Activity that could be used in the XML attribute onClick.
-keepclassmembers class * extends android.app.Activity {
    public void *(android.view.View);
}

# For enumeration classes, see http://proguard.sourceforge.net/manual/examples.html#enumerations
-keepclassmembers enum * {
    public static **[] values();
    public static ** valueOf(java.lang.String);
}

-keepclassmembers class * implements android.os.Parcelable {
    public static final ** CREATOR;
}

# Preserve annotated Javascript interface methods.
-keepclassmembers class * {
    @android.webkit.JavascriptInterface <methods>;
}

# The support libraries contains references to newer platform versions.
# Don't warn about those in case this app is linking against an older
# platform version. We know about them, and they are safe.
-dontnote android.support.**
-dontnote androidx.**
-dontwarn android.support.**
-dontwarn androidx.**

# This class is deprecated, but remains for backward compatibility.
-dontwarn android.util.FloatMath

# Understand the @Keep support annotation.
-keep class android.support.annotation.Keep
-keep class androidx.annotation.Keep

-keep @android.support.annotation.Keep class * {*;}
-keep @androidx.annotation.Keep class * {*;}

-keepclasseswithmembers class * {
    @android.support.annotation.Keep <methods>;
}

-keepclasseswithmembers class * {
    @androidx.annotation.Keep <methods>;
}

-keepclasseswithmembers class * {
    @android.support.annotation.Keep <fields>;
}

-keepclasseswithmembers class * {
    @androidx.annotation.Keep <fields>;
}

-keepclasseswithmembers class * {
    @android.support.annotation.Keep <init>(...);
}

-keepclasseswithmembers class * {
    @androidx.annotation.Keep <init>(...);
}

# These classes are duplicated between android.jar and org.apache.http.legacy.jar.
-dontnote org.apache.http.**
-dontnote android.net.http.**

# These classes are duplicated between android.jar and core-lambda-stubs.jar.
-dontnote java.lang.invoke.**

# End of content from default_proguard_files\global\proguard-android.txt-7.3.0
# The proguard configuration file for the following section is flutter_tools\gradle\flutter_proguard_rules.pro
# Build the ephemeral app in a module project.
# Prevents: Warning: library class <plugin-package> depends on program class io.flutter.plugin.**
# This is due to plugins (libraries) depending on the embedding (the program jar)
-dontwarn io.flutter.plugin.**

# The android.** package is provided by the OS at runtime.
-dontwarn android.**

# End of content from flutter_tools\gradle\flutter_proguard_rules.pro
# The proguard configuration file for the following section is aapt_proguard_file\release\aapt_rules.txt
-keep class android.app.Application { <init>(); }
-keep class androidx.core.app.CoreComponentFactory { <init>(); }
-keep class androidx.profileinstaller.ProfileInstallReceiver { <init>(); }
-keep class androidx.startup.InitializationProvider { <init>(); }
-keep class com.example.smartcredit.MainActivity { <init>(); }
-keep class com.google.android.gms.common.api.GoogleApiActivity { <init>(); }
-keep class com.lyokone.location.FlutterLocationService { <init>(); }
-keep class io.flutter.plugins.imagepicker.ImagePickerFileProvider { <init>(); }

# End of content from aapt_proguard_file\release\aapt_rules.txt
# The proguard configuration file for the following section is release\lib0\proguard.txt
# The point of this package is to specify that a dependent plugin intends to
# use the AndroidX lifecycle classes. Make sure no R8 heuristics shrink classes
# brought in by the embedding's pom.
#
# This isn't strictly needed since by definition, plugins using Android
# lifecycles should implement DefaultLifecycleObserver and therefore keep it
# from being shrunk. But there seems to be an R8 bug so this needs to stay
# https://issuetracker.google.com/issues/142778206.
-keep class androidx.lifecycle.DefaultLifecycleObserver

# End of content from release\lib0\proguard.txt
# The proguard configuration file for the following section is transformed\jetified-play-services-base-18.1.0\proguard.txt
# b/35135904 Ensure that proguard will not strip the mResultGuardian.
-keepclassmembers class com.google.android.gms.common.api.internal.BasePendingResult {
  com.google.android.gms.common.api.internal.BasePendingResult$ReleasableResultGuardian mResultGuardian;
}



# End of content from transformed\jetified-play-services-base-18.1.0\proguard.txt
# The proguard configuration file for the following section is transformed\jetified-play-services-tasks-18.0.2\proguard.txt


# End of content from transformed\jetified-play-services-tasks-18.0.2\proguard.txt
# The proguard configuration file for the following section is transformed\jetified-play-services-basement-18.1.0\proguard.txt
# Needed when building against pre-Marshmallow SDK.
-dontwarn android.security.NetworkSecurityPolicy

# Needed when building against Marshmallow SDK.
-dontwarn android.app.Notification

# Protobuf has references not on the Android boot classpath
-dontwarn sun.misc.Unsafe
-dontwarn libcore.io.Memory

# Internal Google annotations for generating Proguard keep rules.
-dontwarn com.google.android.apps.common.proguard.UsedBy*

# Annotations referenced by the SDK but whose definitions are contained in
# non-required dependencies.
-dontwarn javax.annotation.**
-dontwarn org.checkerframework.**
-dontwarn com.google.errorprone.annotations.**
-dontwarn org.jspecify.nullness.NullMarked

# Proguard flags for consumers of the Google Play services SDK
# https://developers.google.com/android/guides/setup#add_google_play_services_to_your_project

# Keep SafeParcelable NULL value, needed for reflection by DowngradeableSafeParcel
-keepclassmembers public class com.google.android.gms.common.internal.safeparcel.SafeParcelable {
    public static final *** NULL;
}

# Needed for Parcelable/SafeParcelable classes & their creators to not get renamed, as they are
# found via reflection.
-keep class com.google.android.gms.common.internal.ReflectedParcelable
-keepnames class * implements com.google.android.gms.common.internal.ReflectedParcelable
-keepclassmembers class * implements android.os.Parcelable {
  public static final *** CREATOR;
}

# Keep the classes/members we need for client functionality.
-keep @interface android.support.annotation.Keep
-keep @androidx.annotation.Keep class *
-keepclasseswithmembers class * {
  @androidx.annotation.Keep <fields>;
}
-keepclasseswithmembers class * {
  @androidx.annotation.Keep <methods>;
}

# Keep androidX equivalent of above android.support to allow Jetification.
-keep @interface androidx.annotation.Keep
-keep @androidx.annotation.Keep class *
-keepclasseswithmembers class * {
  @androidx.annotation.Keep <fields>;
}
-keepclasseswithmembers class * {
  @androidx.annotation.Keep <methods>;
}

# Keep the names of classes/members we need for client functionality.
-keep @interface com.google.android.gms.common.annotation.KeepName
-keepnames @com.google.android.gms.common.annotation.KeepName class *
-keepclassmembernames class * {
  @com.google.android.gms.common.annotation.KeepName *;
}

# Keep Dynamite API entry points
-keep @interface com.google.android.gms.common.util.DynamiteApi
-keep @com.google.android.gms.common.util.DynamiteApi public class * {
  public <fields>;
  public <methods>;
}



# End of content from transformed\jetified-play-services-basement-18.1.0\proguard.txt
# The proguard configuration file for the following section is transformed\jetified-window-1.0.0-beta04\proguard.txt
# Copyright (C) 2020 The Android Open Source Project
#
# Licensed under the Apache License, Version 2.0 (the "License");
# you may not use this file except in compliance with the License.
# You may obtain a copy of the License at
#
#      http://www.apache.org/licenses/LICENSE-2.0
#
# Unless required by applicable law or agreed to in writing, software
# distributed under the License is distributed on an "AS IS" BASIS,
# WITHOUT WARRANTIES OR CONDITIONS OF ANY KIND, either express or implied.
# See the License for the specific language governing permissions and
# limitations under the License.

# Some methods in androidx.window.extensions are accessed through reflection and need to be kept.
# Failure to do so can cause bugs such as b/157286362. This could be overly broad too and should
# ideally be trimmed down to only the classes/methods that actually need to be kept. This should
# be tracked in b/165268619.
-keep class androidx.window.extensions.** { *; }
-dontwarn androidx.window.extensions.**
-keep class androidx.window.extensions.embedding.** { *; }
-dontwarn androidx.window.extensions.embedding.**

# Keep the whole library for now since there is a crash with a missing method.
# TODO(b/165268619) Make a narrow rule
-keep class androidx.window.** { *; }

# We also neep to keep sidecar.** for the same reason.
-keep class androidx.window.sidecar.** { *; }
-dontwarn androidx.window.sidecar.**


# End of content from transformed\jetified-window-1.0.0-beta04\proguard.txt
# The proguard configuration file for the following section is transformed\core-1.10.1\proguard.txt
# Never inline methods, but allow shrinking and obfuscation.
-keepclassmembernames,allowobfuscation,allowshrinking class androidx.core.view.ViewCompat$Api* {
  <methods>;
}
-keepclassmembernames,allowobfuscation,allowshrinking class androidx.core.view.WindowInsetsCompat$*Impl* {
  <methods>;
}
-keepclassmembernames,allowobfuscation,allowshrinking class androidx.core.app.NotificationCompat$*$Api*Impl {
  <methods>;
}
-keepclassmembernames,allowobfuscation,allowshrinking class androidx.core.os.UserHandleCompat$Api*Impl {
  <methods>;
}
-keepclassmembernames,allowobfuscation,allowshrinking class androidx.core.widget.EdgeEffectCompat$Api*Impl {
  <methods>;
}

# End of content from transformed\core-1.10.1\proguard.txt
# The proguard configuration file for the following section is transformed\jetified-savedstate-1.2.1\proguard.txt
# Copyright (C) 2019 The Android Open Source Project
#
# Licensed under the Apache License, Version 2.0 (the "License");
# you may not use this file except in compliance with the License.
# You may obtain a copy of the License at
#
#      http://www.apache.org/licenses/LICENSE-2.0
#
# Unless required by applicable law or agreed to in writing, software
# distributed under the License is distributed on an "AS IS" BASIS,
# WITHOUT WARRANTIES OR CONDITIONS OF ANY KIND, either express or implied.
# See the License for the specific language governing permissions and
# limitations under the License.

-keepclassmembers,allowobfuscation class * implements androidx.savedstate.SavedStateRegistry$AutoRecreated {
    <init>();
}

# End of content from transformed\jetified-savedstate-1.2.1\proguard.txt
# The proguard configuration file for the following section is transformed\lifecycle-viewmodel-2.6.1\proguard.txt
-keepclassmembers,allowobfuscation class * extends androidx.lifecycle.ViewModel {
    <init>();
}

-keepclassmembers,allowobfuscation class * extends androidx.lifecycle.AndroidViewModel {
    <init>(android.app.Application);
}

# End of content from transformed\lifecycle-viewmodel-2.6.1\proguard.txt
# The proguard configuration file for the following section is transformed\lifecycle-runtime-2.6.1\proguard.txt
-keepattributes AnnotationDefault,
                RuntimeVisibleAnnotations,
                RuntimeVisibleParameterAnnotations,
                RuntimeVisibleTypeAnnotations

-keepclassmembers enum androidx.lifecycle.Lifecycle$Event {
    <fields>;
}

-keep !interface * implements androidx.lifecycle.LifecycleObserver {
}

-keep class * implements androidx.lifecycle.GeneratedAdapter {
    <init>(...);
}

-keepclassmembers class ** {
    @androidx.lifecycle.OnLifecycleEvent *;
}

# this rule is need to work properly when app is compiled with api 28, see b/142778206
# Also this rule prevents registerIn from being inlined.
-keepclassmembers class androidx.lifecycle.ReportFragment$LifecycleCallbacks { *; }
# End of content from transformed\lifecycle-runtime-2.6.1\proguard.txt
# The proguard configuration file for the following section is transformed\jetified-lifecycle-viewmodel-savedstate-2.6.1\proguard.txt
-keepclassmembers,allowobfuscation class * extends androidx.lifecycle.ViewModel {
    <init>(androidx.lifecycle.SavedStateHandle);
}

-keepclassmembers,allowobfuscation class * extends androidx.lifecycle.AndroidViewModel {
    <init>(android.app.Application,androidx.lifecycle.SavedStateHandle);
}

# End of content from transformed\jetified-lifecycle-viewmodel-savedstate-2.6.1\proguard.txt
# The proguard configuration file for the following section is com.android.tools\r8\coroutines.pro
# When editing this file, update the following files as well:
# - META-INF/proguard/coroutines.pro
# - META-INF/com.android.tools/proguard/coroutines.pro

# Most of volatile fields are updated with AFU and should not be mangled
-keepclassmembers class kotlinx.coroutines.** {
    volatile <fields>;
}

# Same story for the standard library's SafeContinuation that also uses AtomicReferenceFieldUpdater
-keepclassmembers class kotlin.coroutines.SafeContinuation {
    volatile <fields>;
}

# These classes are only required by kotlinx.coroutines.debug.AgentPremain, which is only loaded when
# kotlinx-coroutines-core is used as a Java agent, so these are not needed in contexts where ProGuard is used.
-dontwarn java.lang.instrument.ClassFileTransformer
-dontwarn sun.misc.SignalHandler
-dontwarn java.lang.instrument.Instrumentation
-dontwarn sun.misc.Signal

# Only used in `kotlinx.coroutines.internal.ExceptionsConstructor`.
# The case when it is not available is hidden in a `try`-`catch`, as well as a check for Android.
-dontwarn java.lang.ClassValue

# An annotation used for build tooling, won't be directly accessed.
-dontwarn org.codehaus.mojo.animal_sniffer.IgnoreJRERequirement
# End of content from com.android.tools\r8\coroutines.pro
# The proguard configuration file for the following section is com.android.tools\r8-from-1.6.0\coroutines.pro
# Allow R8 to optimize away the FastServiceLoader.
# Together with ServiceLoader optimization in R8
# this results in direct instantiation when loading Dispatchers.Main
-assumenosideeffects class kotlinx.coroutines.internal.MainDispatcherLoader {
    boolean FAST_SERVICE_LOADER_ENABLED return false;
}

-assumenosideeffects class kotlinx.coroutines.internal.FastServiceLoaderKt {
    boolean ANDROID_DETECTED return true;
}

# Disable support for "Missing Main Dispatcher", since we always have Android main dispatcher
-assumenosideeffects class kotlinx.coroutines.internal.MainDispatchersKt {
    boolean SUPPORT_MISSING return false;
}

# Statically turn off all debugging facilities and assertions
-assumenosideeffects class kotlinx.coroutines.DebugKt {
    boolean getASSERTIONS_ENABLED() return false;
    boolean getDEBUG() return false;
    boolean getRECOVER_STACK_TRACES() return false;
}

# End of content from com.android.tools\r8-from-1.6.0\coroutines.pro
# The proguard configuration file for the following section is transformed\jetified-startup-runtime-1.1.1\proguard.txt
# It's important that we preserve initializer names, given they are used in the AndroidManifest.xml.
-keepnames class * extends androidx.startup.Initializer

# These Proguard rules ensures that ComponentInitializers are are neither shrunk nor obfuscated,
# and are a part of the primary dex file. This is because they are discovered and instantiated
# during application startup.
-keep class * extends androidx.startup.Initializer {
    # Keep the public no-argument constructor while allowing other methods to be optimized.
    <init>();
}

-assumenosideeffects class androidx.startup.StartupLogger { public static <methods>; }

# End of content from transformed\jetified-startup-runtime-1.1.1\proguard.txt
# The proguard configuration file for the following section is transformed\versionedparcelable-1.1.1\proguard.txt
-keep class * implements androidx.versionedparcelable.VersionedParcelable
-keep public class android.support.**Parcelizer { *; }
-keep public class androidx.**Parcelizer { *; }
-keep public class androidx.versionedparcelable.ParcelImpl

# End of content from transformed\versionedparcelable-1.1.1\proguard.txt
# The proguard configuration file for the following section is META-INF\proguard\androidx-annotations.pro
-keep,allowobfuscation @interface androidx.annotation.Keep
-keep @androidx.annotation.Keep class * {*;}

-keepclasseswithmembers class * {
    @androidx.annotation.Keep <methods>;
}

-keepclasseswithmembers class * {
    @androidx.annotation.Keep <fields>;
}

-keepclasseswithmembers class * {
    @androidx.annotation.Keep <init>(...);
}

-keepclassmembers,allowobfuscation class * {
  @androidx.annotation.DoNotInline <methods>;
}

# End of content from META-INF\proguard\androidx-annotations.pro
# The proguard configuration file for the following section is <unknown>
-ignorewarnings
# End of content from <unknown>