build/app/outputs/mapping/release/seeds.txt
com.example.smartcredit.MainActivity
com.example.smartcredit.MainActivity: MainActivity()
...
io.flutter.embedding.engine.FlutterJNI: io.flutter.embedding.engine.FlutterJNI$AccessibilityDelegate accessibilityDelegate
io.flutter.embedding.engine.renderer.SurfaceTextureWrapper: boolean attached
androidx.window.layout.SidecarCompat: java.util.Map windowListenerRegisteredContexts
kotlinx.coroutines.DefaultExecutor: int debugStatus
androidx.window.embedding.ExtensionEmbeddingBackend: androidx.window.embedding.ExtensionEmbeddingBackend$Companion Companion
kotlin.jvm.internal.CallableReference: java.lang.Object NO_RECEIVER
androidx.window.layout.SidecarCompat: androidx.window.sidecar.SidecarInterface sidecar
kotlin.jvm.internal.FunctionReference: int arity
androidx.window.embedding.ExtensionEmbeddingBackend$SplitListenerWrapper: android.app.Activity activity
io.flutter.plugin.platform.SingleViewPresentation: io.flutter.plugin.platform.SingleViewPresentation$PresentationState state
com.google.android.gms.signin.internal.zag: android.os.Parcelable$Creator CREATOR
androidx.window.R$attr: int activityName
androidx.window.core.Version: java.lang.String description
androidx.window.layout.ExtensionWindowLayoutInfoBackend$MulticastConsumer: java.util.concurrent.locks.ReentrantLock multicastConsumerLock
androidx.window.layout.SidecarWindowBackend$ExtensionListenerImpl: androidx.window.layout.SidecarWindowBackend this$0
androidx.window.embedding.SplitRule: float splitRatio
androidx.window.embedding.SplitPairFilter: android.content.ComponentName secondaryActivityName
io.flutter.view.AccessibilityViewEmbedder: android.view.View rootAccessibilityView
io.flutter.embedding.engine.renderer.SurfaceTextureWrapper: android.graphics.SurfaceTexture surfaceTexture
io.flutter.plugin.platform.SingleViewPresentation: android.widget.FrameLayout container
kotlinx.coroutines.JobSupport: java.lang.Object _parentHandle
androidx.window.embedding.ExtensionEmbeddingBackend$SplitListenerWrapper: java.util.List lastValue
androidx.window.R$styleable: int ActivityRule_alwaysExpand
io.flutter.embedding.engine.FlutterJNI: float displayHeight
kotlinx.coroutines.scheduling.CoroutineScheduler: long parkedWorkersStack
androidx.window.embedding.EmbeddingCompat: androidx.window.embedding.EmbeddingAdapter adapter
com.google.android.gms.maps.model.PolygonOptions: android.os.Parcelable$Creator CREATOR
io.flutter.embedding.engine.mutatorsstack.FlutterMutatorsStack: java.util.List finalClippingPaths
androidx.window.R$styleable: int ActivityFilter_activityName
androidx.window.layout.FoldingFeature$OcclusionType: androidx.window.layout.FoldingFeature$OcclusionType$Companion Companion
androidx.activity.result.ActivityResult: android.os.Parcelable$Creator CREATOR
kotlinx.coroutines.CancelledContinuation: int _resumed
androidx.window.embedding.SplitController: androidx.window.embedding.SplitController globalInstance
androidx.window.layout.WindowMetricsCalculator$Companion: kotlin.jvm.functions.Function1 decorator
kotlinx.coroutines.internal.LockFreeLinkedListNode: java.lang.Object _prev
com.google.android.gms.maps.model.LatLng: android.os.Parcelable$Creator CREATOR
com.google.android.gms.location.LocationAvailability: android.os.Parcelable$Creator CREATOR
androidx.window.layout.WindowLayoutInfo: java.util.List displayFeatures
androidx.window.layout.WindowInfoTrackerImpl$windowLayoutInfo$1: androidx.window.layout.WindowInfoTrackerImpl this$0
kotlinx.coroutines.internal.LimitedDispatcher: int runningWorkers
io.flutter.plugin.editing.ImeSyncDeferringInsetsCallback: int deferredInsetTypes
com.google.android.gms.internal.location.zzdb: android.os.Parcelable$Creator CREATOR
androidx.window.R$styleable: int SplitPlaceholderRule_splitLayoutDirection
androidx.window.layout.SidecarWindowBackend: androidx.window.layout.ExtensionInterfaceCompat windowExtension
io.flutter.embedding.engine.renderer.FlutterRenderer$ImageTextureRegistryEntry: long id
androidx.lifecycle.Lifecycle$Event: androidx.lifecycle.Lifecycle$Event ON_RESUME