build/app/outputs/mapping/release/mapping.txt
# compiler: R8
# compiler_version: 3.3.70
# min_api: 20
# common_typos_disable
# {"id":"com.android.tools.r8.mapping","version":"2.0"}
# pg_map_id: fc39cac
# pg_map_hash: SHA-256 fc39cac48644ea6de7709002634cc43d26c78e70890cf91732cd11f0210b861e
...
com.google.android.gms.maps.internal.zzac -> k0.g:
    boolean zza(int,android.os.Parcel,android.os.Parcel,int) -> v
com.google.android.gms.maps.internal.zzad -> k0.h:
    void zzb(com.google.android.gms.internal.maps.zzad) -> d
com.google.android.gms.maps.internal.zzam -> k0.i:
    boolean zza(int,android.os.Parcel,android.os.Parcel,int) -> v
com.google.android.gms.maps.internal.zzan -> k0.j:
    void zzb(com.google.android.gms.maps.model.LatLng) -> x
com.google.android.gms.maps.internal.zzaq -> k0.k:
    boolean zza(int,android.os.Parcel,android.os.Parcel,int) -> v
com.google.android.gms.maps.internal.zzar -> k0.l:
    void zzb(com.google.android.gms.maps.model.LatLng) -> x
com.google.android.gms.maps.internal.zzas -> k0.m:
    boolean zza(int,android.os.Parcel,android.os.Parcel,int) -> v
com.google.android.gms.maps.internal.zzat -> k0.n:
    void zzb(com.google.android.gms.maps.internal.IGoogleMapDelegate) -> b2
com.google.android.gms.maps.internal.zzau -> k0.o:
    boolean zza(int,android.os.Parcel,android.os.Parcel,int) -> v
com.google.android.gms.maps.internal.zzav -> k0.p:
    boolean zzb(com.google.android.gms.internal.maps.zzad) -> d
com.google.android.gms.maps.internal.zzaw -> k0.q:
    boolean zza(int,android.os.Parcel,android.os.Parcel,int) -> v
com.google.android.gms.maps.internal.zzax -> k0.r:
    void zzc(com.google.android.gms.internal.maps.zzad) -> N1
    void zzb(com.google.android.gms.internal.maps.zzad) -> d
    void zzd(com.google.android.gms.internal.maps.zzad) -> m2
com.google.android.gms.maps.internal.zzb -> k0.s:
    com.google.android.gms.dynamic.IObjectWrapper zoomIn() -> A1
    com.google.android.gms.dynamic.IObjectWrapper newCameraPosition(com.google.android.gms.maps.model.CameraPosition) -> C0
    com.google.android.gms.dynamic.IObjectWrapper newLatLngZoom(com.google.android.gms.maps.model.LatLng,float) -> R1
    com.google.android.gms.dynamic.IObjectWrapper scrollBy(float,float) -> T1
    com.google.android.gms.dynamic.IObjectWrapper newLatLngBounds(com.google.android.gms.maps.model.LatLngBounds,int) -> Z
    com.google.android.gms.dynamic.IObjectWrapper zoomOut() -> Z0
    com.google.android.gms.dynamic.IObjectWrapper newLatLng(com.google.android.gms.maps.model.LatLng) -> e1
    com.google.android.gms.dynamic.IObjectWrapper zoomByWithFocus(float,int,int) -> e2
    com.google.android.gms.dynamic.IObjectWrapper zoomBy(float) -> f0
    com.google.android.gms.dynamic.IObjectWrapper zoomTo(float) -> z1
com.google.android.gms.maps.internal.zzbg -> k0.t:
    boolean zza(int,android.os.Parcel,android.os.Parcel,int) -> v
com.google.android.gms.maps.internal.zzbh -> k0.u:
    void zzb(com.google.android.gms.internal.maps.zzag) -> u0
com.google.android.gms.maps.internal.zzbi -> k0.v:
    boolean zza(int,android.os.Parcel,android.os.Parcel,int) -> v
com.google.android.gms.maps.internal.zzbj -> k0.w:
    void zzb(com.google.android.gms.internal.maps.zzaj) -> f2
com.google.android.gms.maps.internal.zzbu -> k0.x:
    com.google.android.gms.maps.model.VisibleRegion getVisibleRegion() -> M1
    com.google.android.gms.maps.model.LatLng fromScreenLocation(com.google.android.gms.dynamic.IObjectWrapper) -> X
    com.google.android.gms.dynamic.IObjectWrapper toScreenLocation(com.google.android.gms.maps.model.LatLng) -> h1
com.google.android.gms.maps.internal.zzbv -> k0.y:
    boolean zza(int,android.os.Parcel,android.os.Parcel,int) -> v
com.google.android.gms.maps.internal.zzbw -> k0.z:
    void zzc(com.google.android.gms.dynamic.IObjectWrapper) -> l0
    void zzb(android.graphics.Bitmap) -> n1